<?xml version="1.0" encoding="UTF-8"?>
<!-- Generated by org.testng.reporters.JUnitReportReporter -->
<testsuite hostname="DESKTOP-2NH8KRG" failures="0" tests="1" name="com.OrangeHRM.testcases.TestCaseDemo" time="0.006" errors="0" timestamp="2024-05-03T19:48:05 IST" skipped="0">
  <testcase classname="com.OrangeHRM.testcases.TestCaseDemo" name="testCheck" time="0.006"/>
</testsuite> <!-- com.OrangeHRM.testcases.TestCaseDemo -->
